<?xml version="1.0" encoding="UTF-8"?>
<!-- Generated by org.testng.reporters.JUnitXMLReporter -->
<testsuite ignored="0" hostname="LAPTOP-FM60U41L" failures="2" tests="8" name="master" time="67.918" errors="0" timestamp="2024-12-29T13:53:15 IST">
  <testcase classname="testCases.TC_001_AccountRegistrationTest" name="verify_account_registration" time="5.634"/>
  <testcase classname="testCases.TC_002_LoginTest" name="verify_login" time="3.225"/>
  <testcase classname="testCases.TC_003_LoginDDT" name="verify_loginDDT" time="12.201"/>
  <testcase classname="testCases.TC_003_LoginDDT" name="verify_loginDDT" time="2.976">
    <failure type="java.lang.AssertionError" message="expected [true] but found [false]">
      <![CDATA[java.lang.AssertionError: expected [true] but found [false]
at testCases.TC_003_LoginDDT.verify_loginDDT(TC_003_LoginDDT.java:62)
at java.base/java.util.ArrayList.forEach(ArrayList.java:1596)
... Removed 33 stack frames]]>
    </failure>
  </testcase> <!-- verify_loginDDT -->
  <testcase classname="testCases.TC_003_LoginDDT" name="verify_loginDDT" time="2.934">
    <failure type="java.lang.AssertionError" message="expected [true] but found [false]">
      <![CDATA[java.lang.AssertionError: expected [true] but found [false]
at testCases.TC_003_LoginDDT.verify_loginDDT(TC_003_LoginDDT.java:62)
at java.base/java.util.ArrayList.forEach(ArrayList.java:1596)
... Removed 33 stack frames]]>
    </failure>
  </testcase> <!-- verify_loginDDT -->
  <testcase classname="testCases.TC_003_LoginDDT" name="verify_loginDDT" time="12.171"/>
  <testcase classname="testCases.TC_003_LoginDDT" name="verify_loginDDT" time="3.333"/>
  <testcase classname="testCases.TC_003_LoginDDT" name="verify_loginDDT" time="3.191"/>
</testsuite> <!-- master -->
